c:\work\spstudio_dev\debug\capsimg.lib
c:\work\spstudio_dev\debug\capsimg.exp
c:\work\spstudio_dev\capsimg\debug\capsimg.pch
c:\work\spstudio_dev\capsimg\debug\vc120.pdb
c:\work\spstudio_dev\capsimg\debug\vc120.idb
c:\work\spstudio_dev\capsimg\debug\stdafx.obj
c:\work\spstudio_dev\capsimg\debug\ctrawcodec.obj
c:\work\spstudio_dev\capsimg\debug\ctrawcodecdecompressor.obj
c:\work\spstudio_dev\capsimg\debug\diskencoding.obj
c:\work\spstudio_dev\capsimg\debug\basefile.obj
c:\work\spstudio_dev\capsimg\debug\bitbuffer.obj
c:\work\spstudio_dev\capsimg\debug\crc.obj
c:\work\spstudio_dev\capsimg\debug\diskfile.obj
c:\work\spstudio_dev\capsimg\debug\memoryfile.obj
c:\work\spstudio_dev\capsimg\debug\capsapi.obj
c:\work\spstudio_dev\capsimg\debug\capsfdcemulator.obj
c:\work\spstudio_dev\capsimg\debug\capsfile.obj
c:\work\spstudio_dev\capsimg\debug\capsformatmfm.obj
c:\work\spstudio_dev\capsimg\debug\capsimage.obj
c:\work\spstudio_dev\capsimg\debug\capsimagestd.obj
c:\work\spstudio_dev\capsimg\debug\capsimg.obj
c:\work\spstudio_dev\capsimg\debug\capsloader.obj
c:\work\spstudio_dev\capsimg\debug\diskimage.obj
c:\work\spstudio_dev\capsimg\debug\diskimagefactory.obj
c:\work\spstudio_dev\capsimg\debug\streamcueimage.obj
c:\work\spstudio_dev\capsimg\debug\streamimage.obj
c:\work\spstudio_dev\capsimg\debug\dllmain.obj
c:\work\spstudio_dev\debug\capsimg.ilk
c:\work\spstudio_dev\debug\capsimg.dll
c:\work\spstudio_dev\debug\capsimg.pdb
c:\work\spstudio_dev\capsimg\debug\capsimg.res
c:\work\spstudio_dev\capsimg\debug\capsimg.tlog\capsimg.write.1u.tlog
c:\work\spstudio_dev\capsimg\debug\capsimg.tlog\cl.command.1.tlog
c:\work\spstudio_dev\capsimg\debug\capsimg.tlog\cl.read.1.tlog
c:\work\spstudio_dev\capsimg\debug\capsimg.tlog\cl.write.1.tlog
c:\work\spstudio_dev\capsimg\debug\capsimg.tlog\link.command.1.tlog
c:\work\spstudio_dev\capsimg\debug\capsimg.tlog\link.read.1.tlog
c:\work\spstudio_dev\capsimg\debug\capsimg.tlog\link.write.1.tlog
c:\work\spstudio_dev\capsimg\debug\capsimg.tlog\rc.command.1.tlog
c:\work\spstudio_dev\capsimg\debug\capsimg.tlog\rc.read.1.tlog
c:\work\spstudio_dev\capsimg\debug\capsimg.tlog\rc.write.1.tlog
