c:\work\spstudio_dev\x64\debug\capsimg.lib
c:\work\spstudio_dev\x64\debug\capsimg.exp
c:\work\spstudio_dev\capsimg\x64\debug\capsimg.pch
c:\work\spstudio_dev\capsimg\x64\debug\vc120.pdb
c:\work\spstudio_dev\capsimg\x64\debug\vc120.idb
c:\work\spstudio_dev\capsimg\x64\debug\stdafx.obj
c:\work\spstudio_dev\capsimg\x64\debug\ctrawcodec.obj
c:\work\spstudio_dev\capsimg\x64\debug\ctrawcodecdecompressor.obj
c:\work\spstudio_dev\capsimg\x64\debug\diskencoding.obj
c:\work\spstudio_dev\capsimg\x64\debug\basefile.obj
c:\work\spstudio_dev\capsimg\x64\debug\bitbuffer.obj
c:\work\spstudio_dev\capsimg\x64\debug\crc.obj
c:\work\spstudio_dev\capsimg\x64\debug\diskfile.obj
c:\work\spstudio_dev\capsimg\x64\debug\memoryfile.obj
c:\work\spstudio_dev\capsimg\x64\debug\capsapi.obj
c:\work\spstudio_dev\capsimg\x64\debug\capsfdcemulator.obj
c:\work\spstudio_dev\capsimg\x64\debug\capsfile.obj
c:\work\spstudio_dev\capsimg\x64\debug\capsformatmfm.obj
c:\work\spstudio_dev\capsimg\x64\debug\capsimage.obj
c:\work\spstudio_dev\capsimg\x64\debug\capsimagestd.obj
c:\work\spstudio_dev\capsimg\x64\debug\capsimg.obj
c:\work\spstudio_dev\capsimg\x64\debug\capsloader.obj
c:\work\spstudio_dev\capsimg\x64\debug\diskimage.obj
c:\work\spstudio_dev\capsimg\x64\debug\diskimagefactory.obj
c:\work\spstudio_dev\capsimg\x64\debug\streamcueimage.obj
c:\work\spstudio_dev\capsimg\x64\debug\streamimage.obj
c:\work\spstudio_dev\capsimg\x64\debug\dllmain.obj
c:\work\spstudio_dev\x64\debug\capsimg.ilk
c:\work\spstudio_dev\x64\debug\capsimg.dll
c:\work\spstudio_dev\x64\debug\capsimg.pdb
c:\work\spstudio_dev\capsimg\x64\debug\capsimg.res
c:\work\spstudio_dev\capsimg\x64\debug\capsimg.tlog\capsimg.write.1u.tlog
c:\work\spstudio_dev\capsimg\x64\debug\capsimg.tlog\cl.command.1.tlog
c:\work\spstudio_dev\capsimg\x64\debug\capsimg.tlog\cl.read.1.tlog
c:\work\spstudio_dev\capsimg\x64\debug\capsimg.tlog\cl.write.1.tlog
c:\work\spstudio_dev\capsimg\x64\debug\capsimg.tlog\link.command.1.tlog
c:\work\spstudio_dev\capsimg\x64\debug\capsimg.tlog\link.read.1.tlog
c:\work\spstudio_dev\capsimg\x64\debug\capsimg.tlog\link.write.1.tlog
c:\work\spstudio_dev\capsimg\x64\debug\capsimg.tlog\rc.command.1.tlog
c:\work\spstudio_dev\capsimg\x64\debug\capsimg.tlog\rc.read.1.tlog
c:\work\spstudio_dev\capsimg\x64\debug\capsimg.tlog\rc.write.1.tlog
