c:\work\spstudio_dev\x64\release\capsimg.lib
c:\work\spstudio_dev\x64\release\capsimg.exp
c:\work\spstudio_dev\capsimg\x64\release\capsimg.pch
c:\work\spstudio_dev\capsimg\x64\release\vc120.pdb
c:\work\spstudio_dev\capsimg\x64\release\stdafx.obj
c:\work\spstudio_dev\capsimg\x64\release\streamimage.obj
c:\work\spstudio_dev\capsimg\x64\release\streamcueimage.obj
c:\work\spstudio_dev\capsimg\x64\release\diskimagefactory.obj
c:\work\spstudio_dev\capsimg\x64\release\diskimage.obj
c:\work\spstudio_dev\capsimg\x64\release\capsloader.obj
c:\work\spstudio_dev\capsimg\x64\release\capsimg.obj
c:\work\spstudio_dev\capsimg\x64\release\capsimagestd.obj
c:\work\spstudio_dev\capsimg\x64\release\capsimage.obj
c:\work\spstudio_dev\capsimg\x64\release\capsformatmfm.obj
c:\work\spstudio_dev\capsimg\x64\release\capsfile.obj
c:\work\spstudio_dev\capsimg\x64\release\capsfdcemulator.obj
c:\work\spstudio_dev\capsimg\x64\release\capsapi.obj
c:\work\spstudio_dev\capsimg\x64\release\memoryfile.obj
c:\work\spstudio_dev\capsimg\x64\release\diskfile.obj
c:\work\spstudio_dev\capsimg\x64\release\crc.obj
c:\work\spstudio_dev\capsimg\x64\release\bitbuffer.obj
c:\work\spstudio_dev\capsimg\x64\release\basefile.obj
c:\work\spstudio_dev\capsimg\x64\release\diskencoding.obj
c:\work\spstudio_dev\capsimg\x64\release\ctrawcodecdecompressor.obj
c:\work\spstudio_dev\capsimg\x64\release\ctrawcodec.obj
c:\work\spstudio_dev\capsimg\x64\release\dllmain.obj
c:\work\spstudio_dev\x64\release\capsimg.dll
c:\work\spstudio_dev\x64\release\capsimg.pdb
c:\work\spstudio_dev\capsimg\x64\release\capsimg.res
c:\work\spstudio_dev\capsimg\x64\release\capsimg.tlog\capsimg.write.1u.tlog
c:\work\spstudio_dev\capsimg\x64\release\capsimg.tlog\cl.command.1.tlog
c:\work\spstudio_dev\capsimg\x64\release\capsimg.tlog\cl.read.1.tlog
c:\work\spstudio_dev\capsimg\x64\release\capsimg.tlog\cl.write.1.tlog
c:\work\spstudio_dev\capsimg\x64\release\capsimg.tlog\link.command.1.tlog
c:\work\spstudio_dev\capsimg\x64\release\capsimg.tlog\link.read.1.tlog
c:\work\spstudio_dev\capsimg\x64\release\capsimg.tlog\link.write.1.tlog
c:\work\spstudio_dev\capsimg\x64\release\capsimg.tlog\rc.command.1.tlog
c:\work\spstudio_dev\capsimg\x64\release\capsimg.tlog\rc.read.1.tlog
c:\work\spstudio_dev\capsimg\x64\release\capsimg.tlog\rc.write.1.tlog
